-- Building without ESP32
-- Building for simulation
-- The C compiler identification is GNU 13.3.0
-- The CXX compiler identification is GNU 13.3.0
-- Detecting C compiler ABI info
-- Detecting C compiler ABI info - done
-- Check for working C compiler: /usr/bin/cc - skipped
-- Detecting C compile features
-- Detecting C compile features - done
-- Detecting CXX compiler ABI info
-- Detecting CXX compiler ABI info - done
-- Check for working CXX compiler: /usr/bin/c++ - skipped
-- Detecting CXX compile features
-- Detecting CXX compile features - done
-- Configuring done (1.5s)
-- Generating done (0.0s)
-- Build files have been written to: /home/beshp/CADMIUM_DRS_v1/build
[ 50%] Building CXX object main/CMakeFiles/CADMIUM_DRS_v1.dir/main.cpp.o
[100%] Linking CXX executable /home/beshp/CADMIUM_DRS_v1/bin/CADMIUM_DRS_v1
[100%] Built target CADMIUM_DRS_v1
Compilation done. Executable in the bin folder
